<?xml version="1.0" encoding="UTF-8"?>
<testsuites name="Power" time="0.347" tests="4" failures="0" errors="0">
   <testsuite name="Power" tests="4" failures="0" errors="0" time="0.347" skipped="0" timestamp="21-09-2024T11:59:07" hostname="maichieuthuy - localhost" id="Test Suites/Power/Power">
      <properties>
         <property name="deviceName" value=""/>
         <property name="devicePlatform"/>
         <property name="logFolder" value="/Users/maichieuthuy/Katalon Studio/bdd-katalon/Reports/20240921_115902/Power/Power/20240921_115902"/>
         <property name="logFiles" value="/Users/maichieuthuy/Katalon Studio/bdd-katalon/Reports/20240921_115902/Power/Power/20240921_115902/execution0.log"/>
         <property name="attachments" value=""/>
         <property name="hostName" value="maichieuthuy - localhost"/>
         <property name="hostAddress" value="127.0.0.1"/>
         <property name="os" value="Mac OS X 64bit"/>
         <property name="katalonVersion" value="9.6.0.217"/>
      </properties>
      <testcase name="Test Cases/Power/Power with root number is character" time="0.156" classname="Test Cases/Power/Power with root number is character" status="PASSED">
         <system-out><![CDATA[21-09-2024T11:59:07 - [TEST_CASE][PASSED] - Test Cases/Power/Power with root number is character: Test Cases/Power/Power with root number is character

21-09-2024T11:59:07 - [TEST_STEP][PASSED] - calculatorTest = new org.example.CalculatorTest(): null

21-09-2024T11:59:07 - [TEST_STEP][PASSED] - try: null

21-09-2024T11:59:07 - [TEST_STEP][PASSED] - calculatorTest.setUp(): null

21-09-2024T11:59:07 - [TEST_STEP][PASSED] - calculatorTest.powerSecondNumChar(): null

21-09-2024T11:59:07 - [TEST_STEP][PASSED] - println("Test Passed"): null

21-09-2024T11:59:07 - [TEST_STEP][PASSED] - calculatorTest.tearDown(): null]]></system-out>
         <system-err><![CDATA[]]></system-err>
      </testcase>
      <testcase name="Test Cases/Power/Power Successfully" time="0.044" classname="Test Cases/Power/Power Successfully" status="PASSED">
         <system-out><![CDATA[21-09-2024T11:59:07 - [TEST_CASE][PASSED] - Test Cases/Power/Power Successfully: Test Cases/Power/Power Successfully

21-09-2024T11:59:07 - [TEST_STEP][PASSED] - calculatorTest = new org.example.CalculatorTest(): null

21-09-2024T11:59:07 - [TEST_STEP][PASSED] - try: null

21-09-2024T11:59:07 - [TEST_STEP][PASSED] - calculatorTest.setUp(): null

21-09-2024T11:59:07 - [TEST_STEP][PASSED] - calculatorTest.powerPass(): null

21-09-2024T11:59:07 - [TEST_STEP][PASSED] - println("Test Passed"): null

21-09-2024T11:59:07 - [TEST_STEP][PASSED] - calculatorTest.tearDown(): null]]></system-out>
         <system-err><![CDATA[]]></system-err>
      </testcase>
      <testcase name="Test Cases/Power/Power with negative root" time="0.04" classname="Test Cases/Power/Power with negative root" status="PASSED">
         <system-out><![CDATA[21-09-2024T11:59:07 - [TEST_CASE][PASSED] - Test Cases/Power/Power with negative root: Test Cases/Power/Power with negative root

21-09-2024T11:59:07 - [TEST_STEP][PASSED] - calculatorTest = new org.example.CalculatorTest(): null

21-09-2024T11:59:07 - [TEST_STEP][PASSED] - try: null

21-09-2024T11:59:07 - [TEST_STEP][PASSED] - calculatorTest.setUp(): null

21-09-2024T11:59:07 - [TEST_STEP][PASSED] - calculatorTest.powerNegativeRoot(): null

21-09-2024T11:59:07 - [TEST_STEP][PASSED] - println("Test Passed"): null

21-09-2024T11:59:07 - [TEST_STEP][PASSED] - calculatorTest.tearDown(): null]]></system-out>
         <system-err><![CDATA[]]></system-err>
      </testcase>
      <testcase name="Test Cases/Power/Power with base number is character" time="0.032" classname="Test Cases/Power/Power with base number is character" status="PASSED">
         <system-out><![CDATA[21-09-2024T11:59:07 - [TEST_CASE][PASSED] - Test Cases/Power/Power with base number is character: Test Cases/Power/Power with base number is character

21-09-2024T11:59:07 - [TEST_STEP][PASSED] - calculatorTest = new org.example.CalculatorTest(): null

21-09-2024T11:59:07 - [TEST_STEP][PASSED] - try: null

21-09-2024T11:59:07 - [TEST_STEP][PASSED] - calculatorTest.setUp(): null

21-09-2024T11:59:07 - [TEST_STEP][PASSED] - calculatorTest.powerFirstNumChar(): null

21-09-2024T11:59:07 - [TEST_STEP][PASSED] - println("Test Passed"): null

21-09-2024T11:59:07 - [TEST_STEP][PASSED] - calculatorTest.tearDown(): null]]></system-out>
         <system-err><![CDATA[]]></system-err>
      </testcase>
      <system-out><![CDATA[21-09-2024T11:59:07 - [TEST_SUITE][PASSED] - Power: Test Cases/Power/Power with base number is character]]></system-out>
      <system-err><![CDATA[]]></system-err>
   </testsuite>
</testsuites>
